<?xml version="1.0" encoding="utf-8"?><testsuites name="pytest tests"><testsuite name="pytest" errors="0" failures="0" skipped="0" tests="16" time="12.783" timestamp="2026-05-10T05:21:34.035933+00:00" hostname="agent-env-72027904-3329-4af2-aa0a-228b4955ac73"><testcase classname="backend.tests.backend_test" name="test_root" time="0.392" /><testcase classname="backend.tests.backend_test" name="test_stats" time="0.291" /><testcase classname="backend.tests.backend_test" name="test_login_invalid" time="0.254" /><testcase classname="backend.tests.backend_test" name="test_me_and_logout" time="1.559" /><testcase classname="backend.tests.backend_test" name="test_news_crud" time="1.288" /><testcase classname="backend.tests.backend_test" name="test_events_crud" time="1.277" /><testcase classname="backend.tests.backend_test" name="test_members_flow" time="1.961" /><testcase classname="backend.tests.backend_test" name="test_committee_crud" time="0.993" /><testcase classname="backend.tests.backend_test" name="test_gallery_crud" time="0.852" /><testcase classname="backend.tests.backend_test" name="test_contact_flow" time="0.968" /><testcase classname="backend.tests.backend_test" name="test_seeded_news_and_filter" time="0.381" /><testcase classname="backend.tests.backend_test" name="test_seeded_events" time="0.268" /><testcase classname="backend.tests.backend_test" name="test_seeded_committee_categories" time="0.223" /><testcase classname="backend.tests.backend_test" name="test_seeded_settings" time="0.224" /><testcase classname="backend.tests.backend_test" name="test_committee_category_field" time="0.481" /><testcase classname="backend.tests.backend_test" name="test_settings" time="0.636" /></testsuite></testsuites>